EDA Netlist Writer report for zerodetector
Sat Nov 24 11:30:35 2018
Quartus Prime Version 16.0.0 Build 211 04/27/2016 SJ Lite Edition


---------------------
; Table of Contents ;
---------------------
  1. Legal Notice
  2. EDA Netlist Writer Summary
  3. Simulation Settings
  4. Simulation Generated Files
  5. EDA Netlist Writer Messages



----------------
; Legal Notice ;
----------------
Copyright (C) 1991-2016 Altera Corporation. All rights reserved.
Your use of Altera Corporation's design tools, logic functions 
and other software and tools, and its AMPP partner logic 
functions, and any output files from any of the foregoing 
(including device programming or simulation files), and any 
associated documentation or information are expressly subject 
to the terms and conditions of the Altera Program License 
Subscription Agreement, the Altera Quartus Prime License Agreement,
the Altera MegaCore Function License Agreement, or other 
applicable license agreement, including, without limitation, 
that your use is for the sole purpose of programming logic 
devices manufactured by Altera and sold by Altera or its 
authorized distributors.  Please refer to the applicable 
agreement for further details.



+-------------------------------------------------------------------+
; EDA Netlist Writer Summary                                        ;
+---------------------------+---------------------------------------+
; EDA Netlist Writer Status ; Successful - Sat Nov 24 11:30:35 2018 ;
; Revision Name             ; zerodetector                          ;
; Top-level Entity Name     ; zerodetector                          ;
; Family                    ; Cyclone IV E                          ;
; Simulation Files Creation ; Successful                            ;
+---------------------------+---------------------------------------+


+----------------------------------------------------------------------------------------------------------------------------+
; Simulation Settings                                                                                                        ;
+---------------------------------------------------------------------------------------------------+------------------------+
; Option                                                                                            ; Setting                ;
+---------------------------------------------------------------------------------------------------+------------------------+
; Tool Name                                                                                         ; ModelSim-Altera (VHDL) ;
; Generate functional simulation netlist                                                            ; Off                    ;
; Time scale                                                                                        ; 1 ps                   ;
; Truncate long hierarchy paths                                                                     ; Off                    ;
; Map illegal HDL characters                                                                        ; Off                    ;
; Flatten buses into individual nodes                                                               ; Off                    ;
; Maintain hierarchy                                                                                ; Off                    ;
; Bring out device-wide set/reset signals as ports                                                  ; Off                    ;
; Enable glitch filtering                                                                           ; Off                    ;
; Do not write top level VHDL entity                                                                ; Off                    ;
; Disable detection of setup and hold time violations in the input registers of bi-directional pins ; Off                    ;
; Architecture name in VHDL output netlist                                                          ; structure              ;
; Generate third-party EDA tool command script for RTL functional simulation                        ; Off                    ;
; Generate third-party EDA tool command script for gate-level simulation                            ; Off                    ;
+---------------------------------------------------------------------------------------------------+------------------------+


+-------------------------------------------------------------------------------------------------------------------------------------------------------------+
; Simulation Generated Files                                                                                                                                  ;
+-------------------------------------------------------------------------------------------------------------------------------------------------------------+
; Generated Files                                                                                                                                             ;
+-------------------------------------------------------------------------------------------------------------------------------------------------------------+
; /home/pranil/Desktop/EE309 Microcontrollers/Pipeline/EE-309-Project-2-Pipelining/ZeroDetector/simulation/modelsim/zerodetector_7_1200mv_100c_slow.vho       ;
; /home/pranil/Desktop/EE309 Microcontrollers/Pipeline/EE-309-Project-2-Pipelining/ZeroDetector/simulation/modelsim/zerodetector_7_1200mv_-40c_slow.vho       ;
; /home/pranil/Desktop/EE309 Microcontrollers/Pipeline/EE-309-Project-2-Pipelining/ZeroDetector/simulation/modelsim/zerodetector_min_1200mv_-40c_fast.vho     ;
; /home/pranil/Desktop/EE309 Microcontrollers/Pipeline/EE-309-Project-2-Pipelining/ZeroDetector/simulation/modelsim/zerodetector.vho                          ;
; /home/pranil/Desktop/EE309 Microcontrollers/Pipeline/EE-309-Project-2-Pipelining/ZeroDetector/simulation/modelsim/zerodetector_7_1200mv_100c_vhd_slow.sdo   ;
; /home/pranil/Desktop/EE309 Microcontrollers/Pipeline/EE-309-Project-2-Pipelining/ZeroDetector/simulation/modelsim/zerodetector_7_1200mv_-40c_vhd_slow.sdo   ;
; /home/pranil/Desktop/EE309 Microcontrollers/Pipeline/EE-309-Project-2-Pipelining/ZeroDetector/simulation/modelsim/zerodetector_min_1200mv_-40c_vhd_fast.sdo ;
; /home/pranil/Desktop/EE309 Microcontrollers/Pipeline/EE-309-Project-2-Pipelining/ZeroDetector/simulation/modelsim/zerodetector_vhd.sdo                      ;
+-------------------------------------------------------------------------------------------------------------------------------------------------------------+


+-----------------------------+
; EDA Netlist Writer Messages ;
+-----------------------------+
Info: *******************************************************************
Info: Running Quartus Prime EDA Netlist Writer
    Info: Version 16.0.0 Build 211 04/27/2016 SJ Lite Edition
    Info: Processing started: Sat Nov 24 11:30:34 2018
Info: Command: quartus_eda --read_settings_files=off --write_settings_files=off zerodetector -c zerodetector
Info (204019): Generated file zerodetector_7_1200mv_100c_slow.vho in folder "/home/pranil/Desktop/EE309 Microcontrollers/Pipeline/EE-309-Project-2-Pipelining/ZeroDetector/simulation/modelsim/" for EDA simulation tool
Info (204019): Generated file zerodetector_7_1200mv_-40c_slow.vho in folder "/home/pranil/Desktop/EE309 Microcontrollers/Pipeline/EE-309-Project-2-Pipelining/ZeroDetector/simulation/modelsim/" for EDA simulation tool
Info (204019): Generated file zerodetector_min_1200mv_-40c_fast.vho in folder "/home/pranil/Desktop/EE309 Microcontrollers/Pipeline/EE-309-Project-2-Pipelining/ZeroDetector/simulation/modelsim/" for EDA simulation tool
Info (204019): Generated file zerodetector.vho in folder "/home/pranil/Desktop/EE309 Microcontrollers/Pipeline/EE-309-Project-2-Pipelining/ZeroDetector/simulation/modelsim/" for EDA simulation tool
Info (204019): Generated file zerodetector_7_1200mv_100c_vhd_slow.sdo in folder "/home/pranil/Desktop/EE309 Microcontrollers/Pipeline/EE-309-Project-2-Pipelining/ZeroDetector/simulation/modelsim/" for EDA simulation tool
Info (204019): Generated file zerodetector_7_1200mv_-40c_vhd_slow.sdo in folder "/home/pranil/Desktop/EE309 Microcontrollers/Pipeline/EE-309-Project-2-Pipelining/ZeroDetector/simulation/modelsim/" for EDA simulation tool
Info (204019): Generated file zerodetector_min_1200mv_-40c_vhd_fast.sdo in folder "/home/pranil/Desktop/EE309 Microcontrollers/Pipeline/EE-309-Project-2-Pipelining/ZeroDetector/simulation/modelsim/" for EDA simulation tool
Info (204019): Generated file zerodetector_vhd.sdo in folder "/home/pranil/Desktop/EE309 Microcontrollers/Pipeline/EE-309-Project-2-Pipelining/ZeroDetector/simulation/modelsim/" for EDA simulation tool
Info: Quartus Prime EDA Netlist Writer was successful. 0 errors, 0 warnings
    Info: Peak virtual memory: 1316 megabytes
    Info: Processing ended: Sat Nov 24 11:30:35 2018
    Info: Elapsed time: 00:00:01
    Info: Total CPU time (on all processors): 00:00:01


