Analysis & Synthesis report for rf
Sun Nov 25 16:16:03 2018
Quartus Prime Version 16.0.0 Build 211 04/27/2016 SJ Lite Edition


---------------------
; Table of Contents ;
---------------------
  1. Legal Notice
  2. Analysis & Synthesis Summary
  3. Analysis & Synthesis Settings
  4. Parallel Compilation
  5. Analysis & Synthesis Source Files Read
  6. Analysis & Synthesis Resource Usage Summary
  7. Analysis & Synthesis Resource Utilization by Entity
  8. General Register Statistics
  9. Multiplexer Restructuring Statistics (Restructuring Performed)
 10. Post-Synthesis Netlist Statistics for Top Partition
 11. Elapsed Time Per Partition
 12. Analysis & Synthesis Messages



----------------
; Legal Notice ;
----------------
Copyright (C) 1991-2016 Altera Corporation. All rights reserved.
Your use of Altera Corporation's design tools, logic functions 
and other software and tools, and its AMPP partner logic 
functions, and any output files from any of the foregoing 
(including device programming or simulation files), and any 
associated documentation or information are expressly subject 
to the terms and conditions of the Altera Program License 
Subscription Agreement, the Altera Quartus Prime License Agreement,
the Altera MegaCore Function License Agreement, or other 
applicable license agreement, including, without limitation, 
that your use is for the sole purpose of programming logic 
devices manufactured by Altera and sold by Altera or its 
authorized distributors.  Please refer to the applicable 
agreement for further details.



+----------------------------------------------------------------------------------+
; Analysis & Synthesis Summary                                                     ;
+------------------------------------+---------------------------------------------+
; Analysis & Synthesis Status        ; Successful - Sun Nov 25 16:16:03 2018       ;
; Quartus Prime Version              ; 16.0.0 Build 211 04/27/2016 SJ Lite Edition ;
; Revision Name                      ; rf                                          ;
; Top-level Entity Name              ; rf                                          ;
; Family                             ; Cyclone IV E                                ;
; Total logic elements               ; 335                                         ;
;     Total combinational functions  ; 223                                         ;
;     Dedicated logic registers      ; 128                                         ;
; Total registers                    ; 128                                         ;
; Total pins                         ; 94                                          ;
; Total virtual pins                 ; 0                                           ;
; Total memory bits                  ; 0                                           ;
; Embedded Multiplier 9-bit elements ; 0                                           ;
; Total PLLs                         ; 0                                           ;
+------------------------------------+---------------------------------------------+


+----------------------------------------------------------------------------------------------------------------------+
; Analysis & Synthesis Settings                                                                                        ;
+----------------------------------------------------------------------------+--------------------+--------------------+
; Option                                                                     ; Setting            ; Default Value      ;
+----------------------------------------------------------------------------+--------------------+--------------------+
; Device                                                                     ; EP4CE115F29I7      ;                    ;
; Top-level entity name                                                      ; rf                 ; rf                 ;
; Family name                                                                ; Cyclone IV E       ; Cyclone V          ;
; Use smart compilation                                                      ; Off                ; Off                ;
; Enable parallel Assembler and TimeQuest Timing Analyzer during compilation ; On                 ; On                 ;
; Enable compact report table                                                ; Off                ; Off                ;
; Restructure Multiplexers                                                   ; Auto               ; Auto               ;
; Create Debugging Nodes for IP Cores                                        ; Off                ; Off                ;
; Preserve fewer node names                                                  ; On                 ; On                 ;
; Disable OpenCore Plus hardware evaluation                                  ; Off                ; Off                ;
; Verilog Version                                                            ; Verilog_2001       ; Verilog_2001       ;
; VHDL Version                                                               ; VHDL_1993          ; VHDL_1993          ;
; State Machine Processing                                                   ; Auto               ; Auto               ;
; Safe State Machine                                                         ; Off                ; Off                ;
; Extract Verilog State Machines                                             ; On                 ; On                 ;
; Extract VHDL State Machines                                                ; On                 ; On                 ;
; Ignore Verilog initial constructs                                          ; Off                ; Off                ;
; Iteration limit for constant Verilog loops                                 ; 5000               ; 5000               ;
; Iteration limit for non-constant Verilog loops                             ; 250                ; 250                ;
; Add Pass-Through Logic to Inferred RAMs                                    ; On                 ; On                 ;
; Infer RAMs from Raw Logic                                                  ; On                 ; On                 ;
; Parallel Synthesis                                                         ; On                 ; On                 ;
; DSP Block Balancing                                                        ; Auto               ; Auto               ;
; NOT Gate Push-Back                                                         ; On                 ; On                 ;
; Power-Up Don't Care                                                        ; On                 ; On                 ;
; Remove Redundant Logic Cells                                               ; Off                ; Off                ;
; Remove Duplicate Registers                                                 ; On                 ; On                 ;
; Ignore CARRY Buffers                                                       ; Off                ; Off                ;
; Ignore CASCADE Buffers                                                     ; Off                ; Off                ;
; Ignore GLOBAL Buffers                                                      ; Off                ; Off                ;
; Ignore ROW GLOBAL Buffers                                                  ; Off                ; Off                ;
; Ignore LCELL Buffers                                                       ; Off                ; Off                ;
; Ignore SOFT Buffers                                                        ; On                 ; On                 ;
; Limit AHDL Integers to 32 Bits                                             ; Off                ; Off                ;
; Optimization Technique                                                     ; Balanced           ; Balanced           ;
; Carry Chain Length                                                         ; 70                 ; 70                 ;
; Auto Carry Chains                                                          ; On                 ; On                 ;
; Auto Open-Drain Pins                                                       ; On                 ; On                 ;
; Perform WYSIWYG Primitive Resynthesis                                      ; Off                ; Off                ;
; Auto ROM Replacement                                                       ; On                 ; On                 ;
; Auto RAM Replacement                                                       ; On                 ; On                 ;
; Auto DSP Block Replacement                                                 ; On                 ; On                 ;
; Auto Shift Register Replacement                                            ; Auto               ; Auto               ;
; Allow Shift Register Merging across Hierarchies                            ; Auto               ; Auto               ;
; Auto Clock Enable Replacement                                              ; On                 ; On                 ;
; Strict RAM Replacement                                                     ; Off                ; Off                ;
; Allow Synchronous Control Signals                                          ; On                 ; On                 ;
; Force Use of Synchronous Clear Signals                                     ; Off                ; Off                ;
; Auto RAM Block Balancing                                                   ; On                 ; On                 ;
; Auto RAM to Logic Cell Conversion                                          ; Off                ; Off                ;
; Auto Resource Sharing                                                      ; Off                ; Off                ;
; Allow Any RAM Size For Recognition                                         ; Off                ; Off                ;
; Allow Any ROM Size For Recognition                                         ; Off                ; Off                ;
; Allow Any Shift Register Size For Recognition                              ; Off                ; Off                ;
; Use LogicLock Constraints during Resource Balancing                        ; On                 ; On                 ;
; Ignore translate_off and synthesis_off directives                          ; Off                ; Off                ;
; Timing-Driven Synthesis                                                    ; On                 ; On                 ;
; Report Parameter Settings                                                  ; On                 ; On                 ;
; Report Source Assignments                                                  ; On                 ; On                 ;
; Report Connectivity Checks                                                 ; On                 ; On                 ;
; Ignore Maximum Fan-Out Assignments                                         ; Off                ; Off                ;
; Synchronization Register Chain Length                                      ; 2                  ; 2                  ;
; PowerPlay Power Optimization During Synthesis                              ; Normal compilation ; Normal compilation ;
; HDL message level                                                          ; Level2             ; Level2             ;
; Suppress Register Optimization Related Messages                            ; Off                ; Off                ;
; Number of Removed Registers Reported in Synthesis Report                   ; 5000               ; 5000               ;
; Number of Swept Nodes Reported in Synthesis Report                         ; 5000               ; 5000               ;
; Number of Inverted Registers Reported in Synthesis Report                  ; 100                ; 100                ;
; Clock MUX Protection                                                       ; On                 ; On                 ;
; Auto Gated Clock Conversion                                                ; Off                ; Off                ;
; Block Design Naming                                                        ; Auto               ; Auto               ;
; SDC constraint protection                                                  ; Off                ; Off                ;
; Synthesis Effort                                                           ; Auto               ; Auto               ;
; Shift Register Replacement - Allow Asynchronous Clear Signal               ; On                 ; On                 ;
; Pre-Mapping Resynthesis Optimization                                       ; Off                ; Off                ;
; Analysis & Synthesis Message Level                                         ; Medium             ; Medium             ;
; Disable Register Merging Across Hierarchies                                ; Auto               ; Auto               ;
; Resource Aware Inference For Block RAM                                     ; On                 ; On                 ;
; Synthesis Seed                                                             ; 1                  ; 1                  ;
+----------------------------------------------------------------------------+--------------------+--------------------+


Parallel compilation was disabled, but you have multiple processors available. Enable parallel compilation to reduce compilation time.
+-------------------------------------+
; Parallel Compilation                ;
+----------------------------+--------+
; Processors                 ; Number ;
+----------------------------+--------+
; Number detected on machine ; 4      ;
; Maximum allowed            ; 1      ;
+----------------------------+--------+


+--------------------------------------------------------------------------------------------------------------------------------------------------------------------------------+
; Analysis & Synthesis Source Files Read                                                                                                                                         ;
+----------------------------------+-----------------+-----------------+-----------------------------------------------------------------------------------------------+---------+
; File Name with User-Entered Path ; Used in Netlist ; File Type       ; File Name with Absolute Path                                                                  ; Library ;
+----------------------------------+-----------------+-----------------+-----------------------------------------------------------------------------------------------+---------+
; reg16.vhd                        ; yes             ; User VHDL File  ; /home/pranil/Desktop/EE309 Microcontrollers/Pipeline/EE-309-Project-2-Pipelining/RF/reg16.vhd ;         ;
; rf.vhd                           ; yes             ; User VHDL File  ; /home/pranil/Desktop/EE309 Microcontrollers/Pipeline/EE-309-Project-2-Pipelining/RF/rf.vhd    ;         ;
+----------------------------------+-----------------+-----------------+-----------------------------------------------------------------------------------------------+---------+


+---------------------------------------------------------+
; Analysis & Synthesis Resource Usage Summary             ;
+---------------------------------------------+-----------+
; Resource                                    ; Usage     ;
+---------------------------------------------+-----------+
; Estimated Total logic elements              ; 335       ;
;                                             ;           ;
; Total combinational functions               ; 223       ;
; Logic element usage by number of LUT inputs ;           ;
;     -- 4 input functions                    ; 195       ;
;     -- 3 input functions                    ; 26        ;
;     -- <=2 input functions                  ; 2         ;
;                                             ;           ;
; Logic elements by mode                      ;           ;
;     -- normal mode                          ; 223       ;
;     -- arithmetic mode                      ; 0         ;
;                                             ;           ;
; Total registers                             ; 128       ;
;     -- Dedicated logic registers            ; 128       ;
;     -- I/O registers                        ; 0         ;
;                                             ;           ;
; I/O pins                                    ; 94        ;
;                                             ;           ;
; Embedded Multiplier 9-bit elements          ; 0         ;
;                                             ;           ;
; Maximum fan-out node                        ; clk~input ;
; Maximum fan-out                             ; 128       ;
; Total fan-out                               ; 1500      ;
; Average fan-out                             ; 2.78      ;
+---------------------------------------------+-----------+


+-----------------------------------------------------------------------------------------------------------------------------------------------------------------------------------------------+
; Analysis & Synthesis Resource Utilization by Entity                                                                                                                                           ;
+----------------------------+-------------------+--------------+-------------+--------------+---------+-----------+------+--------------+-------------------------+-------------+--------------+
; Compilation Hierarchy Node ; LC Combinationals ; LC Registers ; Memory Bits ; DSP Elements ; DSP 9x9 ; DSP 18x18 ; Pins ; Virtual Pins ; Full Hierarchy Name     ; Entity Name ; Library Name ;
+----------------------------+-------------------+--------------+-------------+--------------+---------+-----------+------+--------------+-------------------------+-------------+--------------+
; |rf                        ; 223 (223)         ; 128 (0)      ; 0           ; 0            ; 0       ; 0         ; 94   ; 0            ; |rf                     ; rf          ; work         ;
;    |Reg16:R7|              ; 0 (0)             ; 16 (16)      ; 0           ; 0            ; 0       ; 0         ; 0    ; 0            ; |rf|Reg16:R7            ; Reg16       ; work         ;
;    |Reg16:\inst_reg:0:R|   ; 0 (0)             ; 16 (16)      ; 0           ; 0            ; 0       ; 0         ; 0    ; 0            ; |rf|Reg16:\inst_reg:0:R ; Reg16       ; work         ;
;    |Reg16:\inst_reg:1:R|   ; 0 (0)             ; 16 (16)      ; 0           ; 0            ; 0       ; 0         ; 0    ; 0            ; |rf|Reg16:\inst_reg:1:R ; Reg16       ; work         ;
;    |Reg16:\inst_reg:2:R|   ; 0 (0)             ; 16 (16)      ; 0           ; 0            ; 0       ; 0         ; 0    ; 0            ; |rf|Reg16:\inst_reg:2:R ; Reg16       ; work         ;
;    |Reg16:\inst_reg:3:R|   ; 0 (0)             ; 16 (16)      ; 0           ; 0            ; 0       ; 0         ; 0    ; 0            ; |rf|Reg16:\inst_reg:3:R ; Reg16       ; work         ;
;    |Reg16:\inst_reg:4:R|   ; 0 (0)             ; 16 (16)      ; 0           ; 0            ; 0       ; 0         ; 0    ; 0            ; |rf|Reg16:\inst_reg:4:R ; Reg16       ; work         ;
;    |Reg16:\inst_reg:5:R|   ; 0 (0)             ; 16 (16)      ; 0           ; 0            ; 0       ; 0         ; 0    ; 0            ; |rf|Reg16:\inst_reg:5:R ; Reg16       ; work         ;
;    |Reg16:\inst_reg:6:R|   ; 0 (0)             ; 16 (16)      ; 0           ; 0            ; 0       ; 0         ; 0    ; 0            ; |rf|Reg16:\inst_reg:6:R ; Reg16       ; work         ;
+----------------------------+-------------------+--------------+-------------+--------------+---------+-----------+------+--------------+-------------------------+-------------+--------------+
Note: For table entries with two numbers listed, the numbers in parentheses indicate the number of resources of the given type used by the specific entity alone. The numbers listed outside of parentheses indicate the total resources of the given type used by the specific entity and all of its sub-entities in the hierarchy.


+------------------------------------------------------+
; General Register Statistics                          ;
+----------------------------------------------+-------+
; Statistic                                    ; Value ;
+----------------------------------------------+-------+
; Total registers                              ; 128   ;
; Number of registers using Synchronous Clear  ; 0     ;
; Number of registers using Synchronous Load   ; 0     ;
; Number of registers using Asynchronous Clear ; 128   ;
; Number of registers using Asynchronous Load  ; 0     ;
; Number of registers using Clock Enable       ; 128   ;
; Number of registers using Preset             ; 0     ;
+----------------------------------------------+-------+


+------------------------------------------------------------------------------------------------------------------------------------------+
; Multiplexer Restructuring Statistics (Restructuring Performed)                                                                           ;
+--------------------+-----------+---------------+----------------------+------------------------+------------+----------------------------+
; Multiplexer Inputs ; Bus Width ; Baseline Area ; Area if Restructured ; Saving if Restructured ; Registered ; Example Multiplexer Output ;
+--------------------+-----------+---------------+----------------------+------------------------+------------+----------------------------+
; 9:1                ; 16 bits   ; 96 LEs        ; 96 LEs               ; 0 LEs                  ; No         ; |rf|rfd1_var               ;
; 9:1                ; 16 bits   ; 96 LEs        ; 96 LEs               ; 0 LEs                  ; No         ; |rf|rfd2_var               ;
+--------------------+-----------+---------------+----------------------+------------------------+------------+----------------------------+


+-----------------------------------------------------+
; Post-Synthesis Netlist Statistics for Top Partition ;
+-----------------------+-----------------------------+
; Type                  ; Count                       ;
+-----------------------+-----------------------------+
; boundary_port         ; 94                          ;
; cycloneiii_ff         ; 128                         ;
;     ENA CLR           ; 128                         ;
; cycloneiii_lcell_comb ; 223                         ;
;     normal            ; 223                         ;
;         2 data inputs ; 2                           ;
;         3 data inputs ; 26                          ;
;         4 data inputs ; 195                         ;
;                       ;                             ;
; Max LUT depth         ; 4.00                        ;
; Average LUT depth     ; 3.26                        ;
+-----------------------+-----------------------------+


+-------------------------------+
; Elapsed Time Per Partition    ;
+----------------+--------------+
; Partition Name ; Elapsed Time ;
+----------------+--------------+
; Top            ; 00:00:00     ;
+----------------+--------------+


+-------------------------------+
; Analysis & Synthesis Messages ;
+-------------------------------+
Info: *******************************************************************
Info: Running Quartus Prime Analysis & Synthesis
    Info: Version 16.0.0 Build 211 04/27/2016 SJ Lite Edition
    Info: Processing started: Sun Nov 25 16:15:51 2018
Info: Command: quartus_map --read_settings_files=on --write_settings_files=off rf -c rf
Warning (20028): Parallel compilation is not licensed and has been disabled
Info (12021): Found 2 design units, including 1 entities, in source file reg16.vhd
    Info (12022): Found design unit 1: Reg16-description File: /home/pranil/Desktop/EE309 Microcontrollers/Pipeline/EE-309-Project-2-Pipelining/RF/reg16.vhd Line: 16
    Info (12023): Found entity 1: Reg16 File: /home/pranil/Desktop/EE309 Microcontrollers/Pipeline/EE-309-Project-2-Pipelining/RF/reg16.vhd Line: 7
Info (12021): Found 2 design units, including 1 entities, in source file rf.vhd
    Info (12022): Found design unit 1: rf-behave File: /home/pranil/Desktop/EE309 Microcontrollers/Pipeline/EE-309-Project-2-Pipelining/RF/rf.vhd Line: 19
    Info (12023): Found entity 1: rf File: /home/pranil/Desktop/EE309 Microcontrollers/Pipeline/EE-309-Project-2-Pipelining/RF/rf.vhd Line: 8
Info (12127): Elaborating entity "rf" for the top level hierarchy
Info (12128): Elaborating entity "Reg16" for hierarchy "Reg16:\inst_reg:0:R" File: /home/pranil/Desktop/EE309 Microcontrollers/Pipeline/EE-309-Project-2-Pipelining/RF/rf.vhd Line: 40
Info (286030): Timing-Driven Synthesis is running
Info (16010): Generating hard_block partition "hard_block:auto_generated_inst"
    Info (16011): Adding 0 node(s), including 0 DDIO, 0 PLL, 0 transceiver and 0 LCELL
Warning (21074): Design contains 11 input pin(s) that do not drive logic
    Warning (15610): No output dependent on input pin "pr5ir[2]" File: /home/pranil/Desktop/EE309 Microcontrollers/Pipeline/EE-309-Project-2-Pipelining/RF/rf.vhd Line: 15
    Warning (15610): No output dependent on input pin "pr5ir[3]" File: /home/pranil/Desktop/EE309 Microcontrollers/Pipeline/EE-309-Project-2-Pipelining/RF/rf.vhd Line: 15
    Warning (15610): No output dependent on input pin "pr5ir[4]" File: /home/pranil/Desktop/EE309 Microcontrollers/Pipeline/EE-309-Project-2-Pipelining/RF/rf.vhd Line: 15
    Warning (15610): No output dependent on input pin "pr5ir[5]" File: /home/pranil/Desktop/EE309 Microcontrollers/Pipeline/EE-309-Project-2-Pipelining/RF/rf.vhd Line: 15
    Warning (15610): No output dependent on input pin "pr5ir[6]" File: /home/pranil/Desktop/EE309 Microcontrollers/Pipeline/EE-309-Project-2-Pipelining/RF/rf.vhd Line: 15
    Warning (15610): No output dependent on input pin "pr5ir[7]" File: /home/pranil/Desktop/EE309 Microcontrollers/Pipeline/EE-309-Project-2-Pipelining/RF/rf.vhd Line: 15
    Warning (15610): No output dependent on input pin "pr5ir[8]" File: /home/pranil/Desktop/EE309 Microcontrollers/Pipeline/EE-309-Project-2-Pipelining/RF/rf.vhd Line: 15
    Warning (15610): No output dependent on input pin "pr5ir[9]" File: /home/pranil/Desktop/EE309 Microcontrollers/Pipeline/EE-309-Project-2-Pipelining/RF/rf.vhd Line: 15
    Warning (15610): No output dependent on input pin "pr5ir[10]" File: /home/pranil/Desktop/EE309 Microcontrollers/Pipeline/EE-309-Project-2-Pipelining/RF/rf.vhd Line: 15
    Warning (15610): No output dependent on input pin "pr5ir[11]" File: /home/pranil/Desktop/EE309 Microcontrollers/Pipeline/EE-309-Project-2-Pipelining/RF/rf.vhd Line: 15
    Warning (15610): No output dependent on input pin "pr5ir[13]" File: /home/pranil/Desktop/EE309 Microcontrollers/Pipeline/EE-309-Project-2-Pipelining/RF/rf.vhd Line: 15
Info (21057): Implemented 429 device resources after synthesis - the final resource count might be different
    Info (21058): Implemented 62 input pins
    Info (21059): Implemented 32 output pins
    Info (21061): Implemented 335 logic cells
Info: Quartus Prime Analysis & Synthesis was successful. 0 errors, 13 warnings
    Info: Peak virtual memory: 1249 megabytes
    Info: Processing ended: Sun Nov 25 16:16:03 2018
    Info: Elapsed time: 00:00:12
    Info: Total CPU time (on all processors): 00:00:28


